Using pre-set license
Built from '2020.2/release' branch; Version is '2020.2.2f1 (068178b99f32) revision 426360'; Using compiler version '192528614'; Build Type 'Release'
OS: 'Windows 10 Enterprise; OS build 18363.1500; Version 1909; 64bit' Language: 'en' Physical Memory: 16304 MB
BatchMode: 1, IsHumanControllingUs: 0, StartBugReporterOnCrash: 0, Is64bit: 1, IsPro: 0

 COMMAND LINE ARGUMENTS:
C:\Program Files\Unity\Hub\Editor\2020.2.2f1\Editor\Unity.exe
-adb2
-batchMode
-noUpm
-name
AssetImportWorker0
-projectPath
C:/Users/LUC.PARTRIDGE1/Documents/GitHub/GameSystems_betterRPG
-logFile
Logs/AssetImportWorker0.log
-srvPort
58616
Successfully changed project path to: C:/Users/LUC.PARTRIDGE1/Documents/GitHub/GameSystems_betterRPG
C:/Users/LUC.PARTRIDGE1/Documents/GitHub/GameSystems_betterRPG
Using Asset Import Pipeline V2.
Refreshing native plugins compatible for Editor in 25.73 ms, found 0 plugins.
Preloading 0 native plugins for Editor in 0.00 ms.
Initialize engine version: 2020.2.2f1 (068178b99f32)
[Subsystems] Discovering subsystems at path C:/Program Files/Unity/Hub/Editor/2020.2.2f1/Editor/Data/Resources/UnitySubsystems
[Subsystems] Discovering subsystems at path C:/Users/LUC.PARTRIDGE1/Documents/GitHub/GameSystems_betterRPG/Assets
GfxDevice: creating device client; threaded=0
Direct3D:
    Version:  Direct3D 11.0 [level 11.0]
    Renderer: NVIDIA Quadro K2200  (ID=0x13ba)
    Vendor:   
    VRAM:     4035 MB
    Driver:   10.18.13.5362
Initialize mono
Mono path[0] = 'C:/Program Files/Unity/Hub/Editor/2020.2.2f1/Editor/Data/Managed'
Mono path[1] = 'C:/Program Files/Unity/Hub/Editor/2020.2.2f1/Editor/Data/MonoBleedingEdge/lib/mono/unityjit'
Mono config path = 'C:/Program Files/Unity/Hub/Editor/2020.2.2f1/Editor/Data/MonoBleedingEdge/etc'
Using monoOptions --debugger-agent=transport=dt_socket,embedding=1,server=y,suspend=n,address=127.0.0.1:56172
Begin MonoManager ReloadAssembly
Registering precompiled unity dll's ...
Register platform support module: C:/Program Files/Unity/Hub/Editor/2020.2.2f1/Editor/Data/PlaybackEngines/WindowsStandaloneSupport/UnityEditor.WindowsStandalone.Extensions.dll
Registered in 0.001398 seconds.
Native extension for WindowsStandalone target not found
Refreshing native plugins compatible for Editor in 24.00 ms, found 0 plugins.
Preloading 0 native plugins for Editor in 0.00 ms.
Invoked RoslynAnalysisRunner static constructor.
RoslynAnalysisRunner will not be running.
RoslynAnalysisRunner has terminated.
Mono: successfully reloaded assembly
- Completed reload, in  1.140 seconds
Platform modules already initialized, skipping
Registering precompiled user dll's ...
Registered in 0.000580 seconds.
Begin MonoManager ReloadAssembly
Native extension for WindowsStandalone target not found
Refreshing native plugins compatible for Editor in 0.24 ms, found 0 plugins.
Preloading 0 native plugins for Editor in 0.00 ms.
Invoked RoslynAnalysisRunner static constructor.
RoslynAnalysisRunner will not be running.
RoslynAnalysisRunner has terminated.
Mono: successfully reloaded assembly
- Completed reload, in  0.840 seconds
Platform modules already initialized, skipping
========================================================================
Worker process is ready to serve import requests
Launched and connected shader compiler UnityShaderCompiler.exe after 0.05 seconds
Refreshing native plugins compatible for Editor in 0.39 ms, found 0 plugins.
Preloading 0 native plugins for Editor in 0.00 ms.
Unloading 1102 Unused Serialized files (Serialized files now loaded: 0)
System memory in use before: 56.5 MB.
System memory in use after: 56.5 MB.

Unloading 9 unused Assets to reduce memory usage. Loaded Objects now: 1544.
Total: 2.024100 ms (FindLiveObjects: 0.210800 ms CreateObjectMapping: 0.085400 ms MarkObjects: 1.639100 ms  DeleteObjects: 0.087200 ms)

========================================================================
Received Import Request.
  path: Assets/GUI and GameSystems/Scenes
  artifactKey: Guid(c5a7cc35d28266a4baeebf4c7160a425) Importer(815301076,1909f56bfc062723c751e8b465ee728b)
Start importing Assets/GUI and GameSystems/Scenes using Guid(c5a7cc35d28266a4baeebf4c7160a425) Importer(815301076,1909f56bfc062723c751e8b465ee728b)  -> (artifact id: 'f1851669dd637066edba5735ac60116e') in 0.009362 seconds
  Import took 0.011270 seconds .

========================================================================
Received Import Request.
  Time since last request: 0.000248 seconds.
  path: Assets/GUI and GameSystems/Scenes/SampleScene.unity
  artifactKey: Guid(9fc0d4010bbf28b4594072e72b8655ab) Importer(815301076,1909f56bfc062723c751e8b465ee728b)
Start importing Assets/GUI and GameSystems/Scenes/SampleScene.unity using Guid(9fc0d4010bbf28b4594072e72b8655ab) Importer(815301076,1909f56bfc062723c751e8b465ee728b)  -> (artifact id: '16de18932440a7f1bcf3a1bb1bef15b8') in 0.023528 seconds
  Import took 0.026201 seconds .

========================================================================
Received Import Request.
  Time since last request: 0.038168 seconds.
  path: Assets/GUI and GameSystems/Scenes/SampleScene.unity
  artifactKey: Guid(9fc0d4010bbf28b4594072e72b8655ab) Importer(815301076,1909f56bfc062723c751e8b465ee728b)
Start importing Assets/GUI and GameSystems/Scenes/SampleScene.unity using Guid(9fc0d4010bbf28b4594072e72b8655ab) Importer(815301076,1909f56bfc062723c751e8b465ee728b)  -> (artifact id: '16de18932440a7f1bcf3a1bb1bef15b8') in 0.003219 seconds
  Import took 0.005689 seconds .

========================================================================
Received Import Request.
  Time since last request: 1.423766 seconds.
  path: Assets/GUI and GameSystems/Scenes/MainMenu.unity
  artifactKey: Guid(85bdbbe01e3b52b4dae6c030e02a5cd9) Importer(815301076,1909f56bfc062723c751e8b465ee728b)
Start importing Assets/GUI and GameSystems/Scenes/MainMenu.unity using Guid(85bdbbe01e3b52b4dae6c030e02a5cd9) Importer(815301076,1909f56bfc062723c751e8b465ee728b)  -> (artifact id: '807c3689b201b095345001dd4079104f') in 0.006826 seconds
  Import took 0.008614 seconds .

========================================================================
Received Import Request.
  Time since last request: 2.358188 seconds.
  path: Assets/GUI and GameSystems/Scenes/SampleScene
  artifactKey: Guid(41a415231d5562e41966124106c6d32e) Importer(815301076,1909f56bfc062723c751e8b465ee728b)
Start importing Assets/GUI and GameSystems/Scenes/SampleScene using Guid(41a415231d5562e41966124106c6d32e) Importer(815301076,1909f56bfc062723c751e8b465ee728b)  -> (artifact id: 'edddbee1c5de21f4dcb6e570ecac7c29') in 0.006565 seconds
  Import took 0.008352 seconds .

========================================================================
Received Import Request.
  Time since last request: 0.000398 seconds.
  path: Assets/GUI and GameSystems/Scenes/SampleScene
  artifactKey: Guid(41a415231d5562e41966124106c6d32e) Importer(815301076,1909f56bfc062723c751e8b465ee728b)
Start importing Assets/GUI and GameSystems/Scenes/SampleScene using Guid(41a415231d5562e41966124106c6d32e) Importer(815301076,1909f56bfc062723c751e8b465ee728b)  -> (artifact id: 'edddbee1c5de21f4dcb6e570ecac7c29') in 0.002195 seconds
  Import took 0.004483 seconds .

========================================================================
Received Import Request.
  Time since last request: 0.185801 seconds.
  path: Assets/GUI and GameSystems/Scenes/SampleScene/LightingData.asset
  artifactKey: Guid(296520979d014dc47b34f8108b2289cb) Importer(815301076,1909f56bfc062723c751e8b465ee728b)
Start importing Assets/GUI and GameSystems/Scenes/SampleScene/LightingData.asset using Guid(296520979d014dc47b34f8108b2289cb) Importer(815301076,1909f56bfc062723c751e8b465ee728b)  -> (artifact id: 'e7a5e395eac481ca4aa32ce9ee6210c0') in 0.038967 seconds
  Import took 0.041483 seconds .

========================================================================
Received Import Request.
  Time since last request: 0.000286 seconds.
  path: Assets/GUI and GameSystems/Scenes/SampleScene/ReflectionProbe-0.exr
  artifactKey: Guid(2b427f7c5c403414794c9056cbd91627) Importer(815301076,1909f56bfc062723c751e8b465ee728b)
Start importing Assets/GUI and GameSystems/Scenes/SampleScene/ReflectionProbe-0.exr using Guid(2b427f7c5c403414794c9056cbd91627) Importer(815301076,1909f56bfc062723c751e8b465ee728b)  -> (artifact id: 'e388e5e52b9e9525afb3c981aad53ff7') in 0.101219 seconds
  Import took 0.103023 seconds .

========================================================================
Received Import Request.
  Time since last request: 6.245070 seconds.
  path: Assets/GUI and GameSystems/Scripts
  artifactKey: Guid(a8e3339dbff24324b94da58d44c3af5f) Importer(815301076,1909f56bfc062723c751e8b465ee728b)
Start importing Assets/GUI and GameSystems/Scripts using Guid(a8e3339dbff24324b94da58d44c3af5f) Importer(815301076,1909f56bfc062723c751e8b465ee728b)  -> (artifact id: '3f5c8b18a84cc4fd5fc1ba40396a8d9e') in 0.007534 seconds
  Import took 0.010191 seconds .

========================================================================
Received Import Request.
  Time since last request: 2.904566 seconds.
  path: Assets/GUI and GameSystems/Scripts/Movement.cs
  artifactKey: Guid(f4b73368cdcdad348bc27826a30771f4) Importer(815301076,1909f56bfc062723c751e8b465ee728b)
Start importing Assets/GUI and GameSystems/Scripts/Movement.cs using Guid(f4b73368cdcdad348bc27826a30771f4) Importer(815301076,1909f56bfc062723c751e8b465ee728b)  -> (artifact id: 'a3219cd2a1c44ef03b1b8b990adae27f') in 0.010890 seconds
  Import took 0.012696 seconds .

========================================================================
Received Import Request.
  Time since last request: 0.025497 seconds.
  path: Assets/GUI and GameSystems/Scripts/Movement.cs
  artifactKey: Guid(f4b73368cdcdad348bc27826a30771f4) Importer(815301076,1909f56bfc062723c751e8b465ee728b)
Start importing Assets/GUI and GameSystems/Scripts/Movement.cs using Guid(f4b73368cdcdad348bc27826a30771f4) Importer(815301076,1909f56bfc062723c751e8b465ee728b)  -> (artifact id: 'a3219cd2a1c44ef03b1b8b990adae27f') in 0.002595 seconds
  Import took 0.005105 seconds .

AssetImportWorkerClient::OnTransportError - code=2 error=End of file
